<?xml version="1.0"?>
<pad revisionDate="1435916282166">
<content><line>Hello World!</line>
<line></line>
</content>

</pad>