<?xml version="1.0"?>
<pad revisionDate="1437403678214'>
<content><line>Liste</line>
<line insertorder="first" list="bullet1" lmkr="1">Punkt1</line>
</content>

</pad>