<?xml version="1.0"?>
<pad>
<content><line>This url http://etherpad.org is important.</line>
<line></line>
</content>

</pad>