<?xml version="1.0"?>
<pad>
<content><line>This is a <attribute key="comment" value="c-SdEhbga09mSl4yoT">text</attribute><!-- /comment -->.</line>
</content>
<comments><comment id="c-SdEhbga09mSl4yoT" timestamp="1435916220952" isoDateTime="2015-07-03T09:37:00.952Z"><author id="a.hiANkoD7mxzPJ70R"></author><text>It&apos;s just a sentence.</text><replies><comment id="c-reply-RESsjfA3B5gyDQRi" timestamp="1435916228554" isoDateTime="2015-07-03T09:37:08.554Z"><author id="a.hiANkoD7mxzPJ70R"></author><text>Ok.</text></comment></replies></comment></comments>
</pad>