<?xml version="1.0"?>
<pad revisionDate="1435916302971'>
<content><line><attribute key="bold" value="true">These <attribute key="italic" value="true">formats</attribute><!-- /italic --></attribute><!-- /bold --><attribute key="italic" value="true"> are overlapping.</attribute><!-- /italic --></line>
</content>

</pad>