<?xml version="1.0"?>
<pad revisionDate="1435916312913">
<content><line>This url http://etherpad.org is important.</line>
<line></line>
</content>

</pad>