<?xml version="1.0"?>
<pad>
<content><line>Simple Line</line>
<line insertorder="first" lineHeights="3" lmkr="1">Line with line height</line>
<line></line>
<line>List</line>

<list type='bullet'>
<item><line>list item</line></item>
<item><line insertorder="first" lineHeights="3" lmkr="1">list item with line height</line></item>
<item><line>list item</line></item>
</list>
</content>

</pad>