<?xml version="1.0"?>
<pad>
<content><line>This url <matched-text key="uri" value="http://etherpad.org">http://etherpad.org</matched-text> is important.</line>
<line></line>
</content>

</pad>