<?xml version="1.0"?>
<pad>
<content><line>A List:</line>
<line><attribute key="insertorder" value="first"><attribute key="list" value="bullet1"><attribute key="lmkr" value="1"><attribute key="start" value="1">*</attribute><!-- /start --></attribute><!-- /lmkr --></attribute><!-- /list --></attribute><!-- /insertorder --><attribute key="bold" value="true">with overlapping</attribute><!-- /bold --></line>
<line><attribute key="insertorder" value="first"><attribute key="list" value="bullet1"><attribute key="lmkr" value="1"><attribute key="start" value="2"><attribute key="bold" value="true">*</attribute><!-- /bold --></attribute><!-- /start --></attribute><!-- /lmkr --></attribute><!-- /list --></attribute><!-- /insertorder --><attribute key="bold" value="true">format</attribute><!-- /bold --></line>
<line></line>
</content>

</pad>