<?xml version="1.0"?>
<pad>
  <content>
    <line>Hello World!</line>
    <line></line>
  </content>
</pad>