<?xml version="1.0"?>
<pad revisionDate="1437403678214'>
<content><line>Liste</line>

<list type='bullet'>
<item><line>Punkt1</line></item>
</list>
</content>

</pad>